<?xml version="1.0" encoding="UTF-8"?>
<!-- Generated by org.testng.reporters.JUnitReportReporter -->
<testsuite hostname="DESKTOP-TVQOCO9" name="ElementJUnit4Tests" tests="2" failures="0" timestamp="25 Sep 2017 11:26:15 GMT" time="0.072" errors="0">
  <testcase name="elemShouldThrowIAE" time="0.006" classname="ElementJUnit4Tests"/>
  <testcase name="verifyUniformElement" time="0.066" classname="ElementJUnit4Tests"/>
</testsuite> <!-- ElementJUnit4Tests -->
