<?xml version="1.0" encoding="UTF-8"?>
<!-- Generated by org.testng.reporters.JUnitReportReporter -->
<testsuite hostname="DESKTOP-TVQOCO9" name="ElementTestNGTraitSuite" tests="1" failures="0" timestamp="8 Oct 2017 11:01:11 GMT" time="0.023" errors="0">
  <testcase name="verifyUniformElement" time="0.023" classname="ElementTestNGTraitSuite"/>
</testsuite> <!-- ElementTestNGTraitSuite -->
