<?xml version="1.0" encoding="UTF-8"?>
<!-- Generated by org.testng.reporters.JUnitReportReporter -->
<testsuite hostname="DESKTOP-TVQOCO9" name="ElementJUnit4Tests" tests="2" failures="0" timestamp="8 Oct 2017 11:01:10 GMT" time="0.101" errors="0">
  <testcase name="elemShouldThrowIAE" time="0.022" classname="ElementJUnit4Tests"/>
  <testcase name="verifyUniformElement" time="0.079" classname="ElementJUnit4Tests"/>
</testsuite> <!-- ElementJUnit4Tests -->
