<?xml version="1.0" encoding="UTF-8"?>
<!-- Generated by org.testng.reporters.JUnitReportReporter -->
<testsuite hostname="DESKTOP-TVQOCO9" name="ElementTestNGTraitSuite" tests="1" failures="0" timestamp="25 Sep 2017 11:26:16 GMT" time="0.014" errors="0">
  <testcase name="verifyUniformElement" time="0.014" classname="ElementTestNGTraitSuite"/>
</testsuite> <!-- ElementTestNGTraitSuite -->
